<?xml version="1.0" encoding="UTF-8"?>
<!-- Generated by org.testng.reporters.JUnitXMLReporter -->
<testsuite hostname="Guest642" name="Command line test" tests="1" failures="1" timestamp="11 Sep 2017 04:45:53 GMT" time="9.802" errors="0">
  <testcase name="test" time="0.906" classname="com.example.appengine.helloworld.HelloServletTest">
    <failure type="junit.framework.ComparisonFailure" message="expected:&amp;lt;[PapaJohns]&amp;gt; but was:&amp;lt;[]&amp;gt;">
      <![CDATA[junit.framework.ComparisonFailure: expected:<[PapaJohns]> but was:<[]>
	at junit.framework.Assert.assertEquals(Assert.java:85)
	at junit.framework.Assert.assertEquals(Assert.java:91)
	at com.example.appengine.helloworld.HelloServletTest.test(HelloServletTest.java:30)
	at org.apache.maven.surefire.testng.TestNGExecutor.run(TestNGExecutor.java:77)
	at org.apache.maven.surefire.testng.TestNGDirectoryTestSuite.execute(TestNGDirectoryTestSuite.java:110)
	at org.apache.maven.surefire.testng.TestNGProvider.invoke(TestNGProvider.java:106)
	at org.apache.maven.surefire.util.ReflectionUtils.invokeMethodWithArray(ReflectionUtils.java:189)
	at org.apache.maven.surefire.booter.ProviderFactory$ProviderProxy.invoke(ProviderFactory.java:165)
	at org.apache.maven.surefire.booter.ProviderFactory.invokeProvider(ProviderFactory.java:85)
	at org.apache.maven.surefire.booter.ForkedBooter.runSuitesInProcess(ForkedBooter.java:115)
	at org.apache.maven.surefire.booter.ForkedBooter.main(ForkedBooter.java:75)
... Removed 25 stack frames]]>
    </failure>
  </testcase> <!-- test -->
</testsuite> <!-- Command line test -->
