-------------------------------------------------------------------------------
Test set: com.example.appengine.helloworld.HelloServletTest
-------------------------------------------------------------------------------
Tests run: 1, Failures: 1, Errors: 0, Skipped: 0, Time elapsed: 10.979 sec <<< FAILURE!
test(com.example.appengine.helloworld.HelloServletTest)  Time elapsed: 0.936 sec  <<< FAILURE!
junit.framework.ComparisonFailure: expected:<[PapaJohns]> but was:<[]>
	at junit.framework.Assert.assertEquals(Assert.java:85)
	at junit.framework.Assert.assertEquals(Assert.java:91)
	at com.example.appengine.helloworld.HelloServletTest.test(HelloServletTest.java:30)

